app/build/outputs/logs/manifest-merger-debug-report.txt
-- Merging decision tree log ---
manifest
ADDED from src\main\AndroidManifest.xml:2:1-121:12
	package
		ADDED from src\main\AndroidManifest.xml:3:60-80
		INJECTED from src\main\AndroidManifest.xml
		INJECTED from src\main\AndroidManifest.xml
	android:versionName
		ADDED from src\main\AndroidManifest.xml:3:32-59
		INJECTED from src\main\AndroidManifest.xml
		INJECTED from src\main\AndroidManifest.xml
	android:versionCode
		ADDED from src\main\AndroidManifest.xml:3:7-31
		INJECTED from src\main\AndroidManifest.xml
		INJECTED from src\main\AndroidManifest.xml
	xmlns:android
		ADDED from src\main\AndroidManifest.xml:2:11-69
	android:installLocation
		ADDED from src\main\AndroidManifest.xml:3:81-111
uses-sdk
ADDED from src\main\AndroidManifest.xml:5:5-72
MERGED from [com.android.support:design:26.0.0-alpha1] AndroidManifest.xml:21:5-23:62
MERGED from [com.android.support:support-v4:26.0.0-alpha1] AndroidManifest.xml:21:5-23:54
MERGED from [com.android.support:support-compat:26.0.0-alpha1] AndroidManifest.xml:21:5-23:58
MERGED from [com.android.support:support-media-compat:26.0.0-alpha1] AndroidManifest.xml:21:5-23:63
MERGED from [com.android.support:support-core-utils:26.0.0-alpha1] AndroidManifest.xml:21:5-23:61
MERGED from [com.android.support:support-core-ui:26.0.0-alpha1] AndroidManifest.xml:21:5-23:58
MERGED from [com.android.support:support-fragment:26.0.0-alpha1] AndroidManifest.xml:21:5-23:60
MERGED from [com.android.support:appcompat-v7:26.0.0-alpha1] AndroidManifest.xml:21:5-23:78
MERGED from [com.android.support:support-vector-drawable:26.0.0-alpha1] AndroidManifest.xml:20:5-44
MERGED from [com.android.support:animated-vector-drawable:26.0.0-alpha1] AndroidManifest.xml:20:5-44
MERGED from [com.android.support:recyclerview-v7:26.0.0-alpha1] AndroidManifest.xml:20:5-44
MERGED from [com.android.support:transition:26.0.0-alpha1] AndroidManifest.xml:20:5-44
MERGED from [com.android.support.constraint:constraint-layout:1.0.2] AndroidManifest.xml:5:5-7:41
	tools:overrideLibrary
		ADDED from [com.android.support:design:26.0.0-alpha1] AndroidManifest.xml:23:9-59
	android:targetSdkVersion
		ADDED from src\main\AndroidManifest.xml:5:41-70
		INJECTED from src\main\AndroidManifest.xml
		INJECTED from src\main\AndroidManifest.xml
	android:minSdkVersion
		ADDED from src\main\AndroidManifest.xml:5:15-40
		INJECTED from src\main\AndroidManifest.xml
		INJECTED from src\main\AndroidManifest.xml
uses-permission#android.permission.ACCESS_FINE_LOCATION
ADDED from src\main\AndroidManifest.xml:7:2-76
	android:name
		ADDED from src\main\AndroidManifest.xml:7:19-73
uses-permission#android.permission.INTERNET
ADDED from src\main\AndroidManifest.xml:8:2-64
	android:name
		ADDED from src\main\AndroidManifest.xml:8:19-61
uses-permission#android.permission.CAMERA
ADDED from src\main\AndroidManifest.xml:9:2-62
	android:name
		ADDED from src\main\AndroidManifest.xml:9:19-59
application
ADDED from src\main\AndroidManifest.xml:11:5-117:15
MERGED from [com.android.support:design:26.0.0-alpha1] AndroidManifest.xml:29:5-20
MERGED from [com.android.support:support-v4:26.0.0-alpha1] AndroidManifest.xml:29:5-20
MERGED from [com.android.support:support-compat:26.0.0-alpha1] AndroidManifest.xml:29:5-20
MERGED from [com.android.support:support-media-compat:26.0.0-alpha1] AndroidManifest.xml:29:5-20
MERGED from [com.android.support:support-core-utils:26.0.0-alpha1] AndroidManifest.xml:29:5-20
MERGED from [com.android.support:support-core-ui:26.0.0-alpha1] AndroidManifest.xml:29:5-20
MERGED from [com.android.support:support-fragment:26.0.0-alpha1] AndroidManifest.xml:29:5-20
MERGED from [com.android.support:appcompat-v7:26.0.0-alpha1] AndroidManifest.xml:29:5-20
MERGED from [com.android.support:support-vector-drawable:26.0.0-alpha1] AndroidManifest.xml:26:5-20
MERGED from [com.android.support:animated-vector-drawable:26.0.0-alpha1] AndroidManifest.xml:26:5-20
MERGED from [com.android.support:transition:26.0.0-alpha1] AndroidManifest.xml:26:5-20
MERGED from [com.android.support.constraint:constraint-layout:1.0.2] AndroidManifest.xml:9:5-20
	android:label
		ADDED from src\main\AndroidManifest.xml:11:18-41
	android:icon
		ADDED from src\main\AndroidManifest.xml:11:42-78
uses-library#com.google.android.maps
ADDED from src\main\AndroidManifest.xml:12:6-61
	android:name
		ADDED from src\main\AndroidManifest.xml:12:20-58
activity#org.mixare.Introactivity
ADDED from src\main\AndroidManifest.xml:15:3-23:14
	android:screenOrientation
		ADDED from src\main\AndroidManifest.xml:16:4-40
	android:label
		ADDED from src\main\AndroidManifest.xml:15:13-36
	android:launchMode
		ADDED from src\main\AndroidManifest.xml:17:4-34
	android:name
		ADDED from src\main\AndroidManifest.xml:15:37-66
intent-filter#android.intent.action.MAIN+android.intent.category.LAUNCHER
ADDED from src\main\AndroidManifest.xml:19:3-22:19
action#android.intent.action.MAIN
ADDED from src\main\AndroidManifest.xml:20:4-56
	android:name
		ADDED from src\main\AndroidManifest.xml:20:12-53
category#android.intent.category.LAUNCHER
ADDED from src\main\AndroidManifest.xml:21:4-64
	android:name
		ADDED from src\main\AndroidManifest.xml:21:14-61
activity#org.mixare.Login
ADDED from src\main\AndroidManifest.xml:26:3-34:14
	android:label
		ADDED from src\main\AndroidManifest.xml:27:4-27
	android:theme
		ADDED from src\main\AndroidManifest.xml:28:4-51
	android:name
		ADDED from src\main\AndroidManifest.xml:26:13-34
intent-filter#android.intent.action.EDIT+android.intent.action.VIEW+android.intent.category.DEFAULT
ADDED from src\main\AndroidManifest.xml:29:4-33:20
action#android.intent.action.VIEW
ADDED from src\main\AndroidManifest.xml:30:5-57
	android:name
		ADDED from src\main\AndroidManifest.xml:30:13-54
action#android.intent.action.EDIT
ADDED from src\main\AndroidManifest.xml:31:5-57
	android:name
		ADDED from src\main\AndroidManifest.xml:31:13-54
category#android.intent.category.DEFAULT
ADDED from src\main\AndroidManifest.xml:32:5-64
	android:name
		ADDED from src\main\AndroidManifest.xml:32:15-61
activity#org.mixare.Join
ADDED from src\main\AndroidManifest.xml:37:3-45:14
	android:label
		ADDED from src\main\AndroidManifest.xml:38:4-27
	android:theme
		ADDED from src\main\AndroidManifest.xml:39:4-51
	android:name
		ADDED from src\main\AndroidManifest.xml:37:13-33
activity#org.mixare.SetCategoryActivity
ADDED from src\main\AndroidManifest.xml:48:3-57:14
	android:label
		ADDED from src\main\AndroidManifest.xml:49:4-27
	android:theme
		ADDED from src\main\AndroidManifest.xml:50:4-42
	android:name
		ADDED from src\main\AndroidManifest.xml:48:13-48
activity#org.mixare.MypageMainActivity
ADDED from src\main\AndroidManifest.xml:60:3-69:14
	android:label
		ADDED from src\main\AndroidManifest.xml:61:4-27
	android:theme
		ADDED from src\main\AndroidManifest.xml:62:4-42
	android:name
		ADDED from src\main\AndroidManifest.xml:60:13-47
activity#org.mixare.MixView
ADDED from src\main\AndroidManifest.xml:72:3-92:20
	android:screenOrientation
		ADDED from src\main\AndroidManifest.xml:73:9-46
	android:label
		ADDED from src\main\AndroidManifest.xml:72:13-36
	android:launchMode
		ADDED from src\main\AndroidManifest.xml:74:9-39
	android:name
		ADDED from src\main\AndroidManifest.xml:72:37-60
intent-filter#android.intent.action.VIEW+android.intent.category.BROWSABLE+android.intent.category.DEFAULT
ADDED from src\main\AndroidManifest.xml:76:13-83:29
category#android.intent.category.BROWSABLE
ADDED from src\main\AndroidManifest.xml:79:7-68
	android:name
		ADDED from src\main\AndroidManifest.xml:79:17-65
data
ADDED from src\main\AndroidManifest.xml:80:7-79
	android:scheme
		ADDED from src\main\AndroidManifest.xml:80:13-34
	android:mimeType
		ADDED from src\main\AndroidManifest.xml:80:35-77
intent-filter#android.intent.action.SEARCH
ADDED from src\main\AndroidManifest.xml:85:13-87:26
action#android.intent.action.SEARCH
ADDED from src\main\AndroidManifest.xml:86:14-67
	android:name
		ADDED from src\main\AndroidManifest.xml:86:22-65
meta-data#android.app.searchable
ADDED from src\main\AndroidManifest.xml:88:10-89:57
	android:resource
		ADDED from src\main\AndroidManifest.xml:89:21-55
	android:name
		ADDED from src\main\AndroidManifest.xml:88:21-58
meta-data#android.app.default_searchable
ADDED from src\main\AndroidManifest.xml:90:13-91:45
	android:value
		ADDED from src\main\AndroidManifest.xml:91:18-42
	android:name
		ADDED from src\main\AndroidManifest.xml:90:24-69
activity#org.mixare.MixListView
ADDED from src\main\AndroidManifest.xml:96:3-104:14
	android:screenOrientation
		ADDED from src\main\AndroidManifest.xml:97:4-36
	android:launchMode
		ADDED from src\main\AndroidManifest.xml:98:4-34
	android:name
		ADDED from src\main\AndroidManifest.xml:96:13-39
activity#org.mixare.MixMap
ADDED from src\main\AndroidManifest.xml:106:3-114:14
	android:screenOrientation
		ADDED from src\main\AndroidManifest.xml:107:4-36
	android:launchMode
		ADDED from src\main\AndroidManifest.xml:108:4-34
	android:name
		ADDED from src\main\AndroidManifest.xml:106:13-34
activity#org.mixare.PopupActivity
ADDED from src\main\AndroidManifest.xml:116:3-89
	android:theme
		ADDED from src\main\AndroidManifest.xml:116:44-87
	android:name
		ADDED from src\main\AndroidManifest.xml:116:13-42
uses-permission#android.permission.WAKE_LOCK
ADDED from src\main\AndroidManifest.xml:119:1-80
	android:name
		ADDED from src\main\AndroidManifest.xml:119:18-61
meta-data#android.support.VERSION
ADDED from [com.android.support:design:26.0.0-alpha1] AndroidManifest.xml:25:5-27:41
MERGED from [com.android.support:support-v4:26.0.0-alpha1] AndroidManifest.xml:25:5-27:41
MERGED from [com.android.support:support-compat:26.0.0-alpha1] AndroidManifest.xml:25:5-27:41
MERGED from [com.android.support:support-media-compat:26.0.0-alpha1] AndroidManifest.xml:25:5-27:41
MERGED from [com.android.support:support-core-utils:26.0.0-alpha1] AndroidManifest.xml:25:5-27:41
MERGED from [com.android.support:support-core-ui:26.0.0-alpha1] AndroidManifest.xml:25:5-27:41
MERGED from [com.android.support:support-fragment:26.0.0-alpha1] AndroidManifest.xml:25:5-27:41
MERGED from [com.android.support:appcompat-v7:26.0.0-alpha1] AndroidManifest.xml:25:5-27:41
MERGED from [com.android.support:support-vector-drawable:26.0.0-alpha1] AndroidManifest.xml:22:5-24:41
MERGED from [com.android.support:animated-vector-drawable:26.0.0-alpha1] AndroidManifest.xml:22:5-24:41
MERGED from [com.android.support:recyclerview-v7:26.0.0-alpha1] AndroidManifest.xml:22:5-24:41
MERGED from [com.android.support:transition:26.0.0-alpha1] AndroidManifest.xml:22:5-24:41
	android:value
		ADDED from [com.android.support:design:26.0.0-alpha1] AndroidManifest.xml:27:9-38
	android:name
		ADDED from [com.android.support:design:26.0.0-alpha1] AndroidManifest.xml:26:9-47